{
  "RSpec": {
    "coverage": {
      "/usr/src/scraper/app/helpers/scan_helper.rb": [
        1,
        null
      ],
      "/usr/src/scraper/app/models/user.rb": [
        null,
        null,
        null,
        null,
        null,
        null,
        null,
        null,
        null,
        null,
        null,
        null,
        null,
        null,
        null,
        null,
        null,
        null,
        null,
        1,
        null,
        1,
        null,
        1,
        null,
        null
      ],
      "/usr/src/scraper/app/models/application_record.rb": [
        1,
        1,
        null
      ],
      "/usr/src/scraper/app/models/subscriber.rb": [
        null,
        null,
        null,
        null,
        null,
        null,
        null,
        null,
        null,
        null,
        null,
        null,
        null,
        null,
        null,
        null,
        1,
        null,
        1,
        1,
        null,
        1,
        null,
        null,
        1,
        0,
        null,
        null,
        null
      ],
      "/usr/src/scraper/app/models/entry.rb": [
        null,
        null,
        null,
        null,
        null,
        null,
        null,
        null,
        null,
        null,
        null,
        null,
        null,
        null,
        null,
        1,
        null,
        1,
        1,
        null,
        null,
        1,
        0,
        null,
        null,
        1,
        0,
        0,
        null,
        null,
        1,
        0,
        null,
        null,
        1,
        null,
        null,
        null,
        0,
        null,
        null,
        null,
        null
      ]
    },
    "timestamp": 1559568643
  }
}
