{
  "RSpec": {
    "coverage": {
      "/usr/src/scraper/app/helpers/scan_helper.rb": [
        1,
        null
      ],
      "/usr/src/scraper/app/models/user.rb": [
        null,
        null,
        null,
        null,
        null,
        null,
        null,
        null,
        null,
        null,
        null,
        null,
        null,
        null,
        null,
        null,
        null,
        null,
        null,
        1,
        null,
        1,
        null,
        1,
        null,
        null
      ],
      "/usr/src/scraper/app/models/application_record.rb": [
        1,
        1,
        null
      ],
      "/usr/src/scraper/app/models/subscriber.rb": [
        null,
        null,
        null,
        null,
        null,
        null,
        null,
        null,
        null,
        null,
        null,
        null,
        null,
        null,
        null,
        null,
        1,
        null,
        1,
        1,
        null,
        1,
        null,
        null,
        1,
        0,
        null,
        null,
        null
      ],
      "/usr/src/scraper/app/models/entry.rb": [
        null,
        null,
        null,
        null,
        null,
        null,
        null,
        null,
        null,
        null,
        null,
        null,
        null,
        null,
        null,
        1,
        null,
        1,
        1,
        null,
        null,
        1,
        0,
        null,
        null,
        1,
        0,
        0,
        null,
        null,
        1,
        0,
        null,
        null,
        1,
        null,
        null,
        null,
        0,
        null,
        null,
        null,
        null
      ],
      "/usr/src/scraper/app/errors/error.rb": [
        1,
        1,
        1,
        1,
        21,
        21,
        21,
        null,
        null,
        1,
        5,
        null,
        null,
        null,
        null,
        null,
        1,
        3,
        null,
        null
      ],
      "/usr/src/scraper/app/errors/forbidden_error.rb": [
        1,
        1,
        3,
        null,
        null
      ],
      "/usr/src/scraper/app/errors/not_found_error.rb": [
        1,
        1,
        3,
        null,
        null
      ],
      "/usr/src/scraper/app/errors/unauthorized_error.rb": [
        1,
        1,
        3,
        null,
        null
      ],
      "/usr/src/scraper/app/errors/unprocessable_error.rb": [
        1,
        1,
        3,
        null,
        null
      ],
      "/usr/src/scraper/app/interactors/interactor.rb": [
        1,
        1,
        1,
        null,
        1,
        null,
        1,
        2,
        2,
        null,
        1,
        null,
        null,
        null,
        1,
        4,
        null,
        null
      ],
      "/usr/src/scraper/app/models/concerns/error_raiser.rb": [
        1,
        1,
        1,
        null,
        null,
        1,
        1,
        null,
        null,
        1,
        0,
        null,
        null,
        1,
        0,
        null,
        null,
        1,
        0,
        null,
        null,
        1,
        0,
        null,
        null
      ],
      "/usr/src/scraper/app/models/subscriber_filter.rb": [
        null,
        null,
        null,
        null,
        null,
        null,
        null,
        null,
        null,
        null,
        null,
        null,
        null,
        null,
        null,
        1,
        null,
        1,
        1,
        null,
        null
      ]
    },
    "timestamp": 1559571298
  }
}
